Car: 1 took place 1
Car: 2 took place 2
Car: 3 took place 3
Car: 4 took place 4
Car: 5 took place 5
No place for car: 6
Car 4 reparking on place 3 from place 4
Car 3 reparking on place 4 from place 3
No car for reparking place: 5
Car 5 left, making room 5
Car: 7 took place 5
Car 2 left, making room 2
Car: 8 took place 2
Car 4 reparking on place 4 from place 3
Car 3 reparking on place 3 from place 4
No car for reparking place: 5
Car 1 left, making room 1
Car: 9 took place 1
No car for reparking place: 2
Car 4 left, making room 4
Car: 10 took place 4
Car 7 left, making room 5
Car: 11 took place 5
Car 3 left, making room 3
Car: 12 took place 3
Car 9 left, making room 1
Car: 13 took place 1
No place for car: 14
No place for car: 15
Car 8 left, making room 2
Car: 16 took place 2
No place for car: 17
No place for car: 18
No place for car: 19
No place for car: 20
No place for car: 21
No place for car: 22
No place for car: 23
No place for car: 24
No place for car: 25
No car for reparking place: 3
Car 12 left, making room 3
Car: 26 took place 3
No place for car: 27
No place for car: 28
No car for reparking place: 1
Car 13 left, making room 1
Car: 29 took place 1
Car 10 left, making room 4
Car: 30 took place 4
No place for car: 31
No place for car: 32
No place for car: 33
No place for car: 34
No place for car: 35
No place for car: 36
No place for car: 37
No place for car: 38
No place for car: 39
No car for reparking place: 3
Car 11 left, making room 5
Car: 40 took place 5
No place for car: 41
No place for car: 42
No place for car: 43
Car 30 left, making room 4
Car: 44 took place 4
No place for car: 45
No place for car: 46
No place for car: 47
No place for car: 48
No place for car: 49
No place for car: 50
No place for car: 51
No place for car: 52
No place for car: 53
Car 26 left, making room 3
Car: 54 took place 3
Car 40 left, making room 5
Car: 55 took place 5
No place for car: 56
No place for car: 57
No place for car: 58
No place for car: 59
No place for car: 60
Car 16 reparking on place 1 from place 2
Car 29 reparking on place 2 from place 1
Car 29 left, making room 2
Car: 61 took place 2
Car 44 left, making room 4
Car: 62 took place 4
Car 16 left, making room 1
Car: 63 took place 1
No place for car: 64
No place for car: 65
No place for car: 66
No place for car: 67
No place for car: 68
No place for car: 69
No place for car: 70
No place for car: 71
Car 63 reparking on place 2 from place 1
Car 61 reparking on place 1 from place 2
Car 63 left, making room 2
Car: 72 took place 2
No place for car: 73
No place for car: 74
No place for car: 75
No place for car: 76
No place for car: 77
No place for car: 78
No place for car: 79
No place for car: 80
No place for car: 81
No place for car: 82
No place for car: 83
No place for car: 84
No place for car: 85
No place for car: 86
No place for car: 87
Car 62 left, making room 4
Car: 88 took place 4
No place for car: 89
No place for car: 90
No place for car: 91
No place for car: 92
No place for car: 93
No place for car: 94
No place for car: 95
Car 54 left, making room 3
Car: 96 took place 3
No place for car: 97
No place for car: 98
No place for car: 99
Car 55 left, making room 5
Car: 100 took place 5
Car 72 left, making room 2
Car: 101 took place 2
No place for car: 102
No place for car: 103
No place for car: 104
No place for car: 105
No place for car: 106
No place for car: 107
No place for car: 108
No place for car: 109
No place for car: 110
No place for car: 111
No place for car: 112
No place for car: 113
No place for car: 114
No place for car: 115
No car for reparking place: 5
No place for car: 116
No place for car: 117
No place for car: 118
No place for car: 119
No place for car: 120
No place for car: 121
No car for reparking place: 3
No place for car: 122
No place for car: 123
No place for car: 124
Car 61 left, making room 1
Car: 125 took place 1
Car 88 left, making room 4
Car: 126 took place 4
